C:\USERS\JUNGGANG\DOCUMENTS\BBPROJECT\BB_PROJECT\TRUNK\BLACKBAGS\BLACKBAGS\DEBUG\BLACKBAGS.PCH
C:\USERS\JUNGGANG\DOCUMENTS\BBPROJECT\BB_PROJECT\TRUNK\BLACKBAGS\BLACKBAGS\DEBUG\STDAFX.OBJ
C:\USERS\JUNGGANG\DOCUMENTS\BBPROJECT\BB_PROJECT\TRUNK\BLACKBAGS\BLACKBAGS\DEBUG\VC110.PDB
C:\USERS\JUNGGANG\DOCUMENTS\BBPROJECT\BB_PROJECT\TRUNK\BLACKBAGS\BLACKBAGS\DEBUG\CREDITSCENE.OBJ
C:\USERS\JUNGGANG\DOCUMENTS\BBPROJECT\BB_PROJECT\TRUNK\BLACKBAGS\BLACKBAGS\DEBUG\FPS.OBJ
C:\USERS\JUNGGANG\DOCUMENTS\BBPROJECT\BB_PROJECT\TRUNK\BLACKBAGS\BLACKBAGS\DEBUG\GAMEDATA.OBJ
C:\USERS\JUNGGANG\DOCUMENTS\BBPROJECT\BB_PROJECT\TRUNK\BLACKBAGS\BLACKBAGS\DEBUG\GAMEMAP.OBJ
C:\USERS\JUNGGANG\DOCUMENTS\BBPROJECT\BB_PROJECT\TRUNK\BLACKBAGS\BLACKBAGS\DEBUG\GAMERESULT.OBJ
C:\USERS\JUNGGANG\DOCUMENTS\BBPROJECT\BB_PROJECT\TRUNK\BLACKBAGS\BLACKBAGS\DEBUG\GAMETIMER.OBJ
C:\USERS\JUNGGANG\DOCUMENTS\BBPROJECT\BB_PROJECT\TRUNK\BLACKBAGS\BLACKBAGS\DEBUG\MAINMENU.OBJ
C:\USERS\JUNGGANG\DOCUMENTS\BBPROJECT\BB_PROJECT\TRUNK\BLACKBAGS\BLACKBAGS\DEBUG\MAINSCENE.OBJ
C:\USERS\JUNGGANG\DOCUMENTS\BBPROJECT\BB_PROJECT\TRUNK\BLACKBAGS\BLACKBAGS\DEBUG\OPENINGSCENE.OBJ
C:\USERS\JUNGGANG\DOCUMENTS\BBPROJECT\BB_PROJECT\TRUNK\BLACKBAGS\BLACKBAGS\DEBUG\PLAYSCENE.OBJ
C:\USERS\JUNGGANG\DOCUMENTS\BBPROJECT\BB_PROJECT\TRUNK\BLACKBAGS\BLACKBAGS\DEBUG\PLAYER.OBJ
C:\USERS\JUNGGANG\DOCUMENTS\BBPROJECT\BB_PROJECT\TRUNK\BLACKBAGS\BLACKBAGS\DEBUG\RENDERER.OBJ
C:\USERS\JUNGGANG\DOCUMENTS\BBPROJECT\BB_PROJECT\TRUNK\BLACKBAGS\BLACKBAGS\DEBUG\RESULTSCENE.OBJ
C:\USERS\JUNGGANG\DOCUMENTS\BBPROJECT\BB_PROJECT\TRUNK\BLACKBAGS\BLACKBAGS\DEBUG\SCENE.OBJ
C:\USERS\JUNGGANG\DOCUMENTS\BBPROJECT\BB_PROJECT\TRUNK\BLACKBAGS\BLACKBAGS\DEBUG\SCENEMANAGER.OBJ
C:\USERS\JUNGGANG\DOCUMENTS\BBPROJECT\BB_PROJECT\TRUNK\BLACKBAGS\BLACKBAGS\DEBUG\SCENEOBJECT.OBJ
C:\USERS\JUNGGANG\DOCUMENTS\BBPROJECT\BB_PROJECT\TRUNK\BLACKBAGS\BLACKBAGS\DEBUG\SETTINGMENU.OBJ
C:\USERS\JUNGGANG\DOCUMENTS\BBPROJECT\BB_PROJECT\TRUNK\BLACKBAGS\BLACKBAGS\DEBUG\SETTINGSCENE.OBJ
C:\USERS\JUNGGANG\DOCUMENTS\BBPROJECT\BB_PROJECT\TRUNK\BLACKBAGS\BLACKBAGS\DEBUG\SOUNDRENDERER.OBJ
C:\USERS\JUNGGANG\DOCUMENTS\BBPROJECT\BB_PROJECT\TRUNK\BLACKBAGS\BLACKBAGS\DEBUG\VIDEORENDER.OBJ
C:\USERS\JUNGGANG\DOCUMENTS\BBPROJECT\BB_PROJECT\TRUNK\BLACKBAGS\BLACKBAGS\DEBUG\BANDIVIDEOLIBRARY.OBJ
C:\USERS\JUNGGANG\DOCUMENTS\BBPROJECT\BB_PROJECT\TRUNK\BLACKBAGS\BLACKBAGS\DEBUG\BANDIVIDEOTEXTURE_DX9.OBJ
C:\USERS\JUNGGANG\DOCUMENTS\BBPROJECT\BB_PROJECT\TRUNK\BLACKBAGS\BLACKBAGS\DEBUG\BLACKBAGS.OBJ
C:\USERS\JUNGGANG\DOCUMENTS\BBPROJECT\BB_PROJECT\TRUNK\BLACKBAGS\DEBUG\BLACKBAGS.ILK
C:\USERS\JUNGGANG\DOCUMENTS\BBPROJECT\BB_PROJECT\TRUNK\BLACKBAGS\DEBUG\BLACKBAGS.EXE
C:\USERS\JUNGGANG\DOCUMENTS\BBPROJECT\BB_PROJECT\TRUNK\BLACKBAGS\DEBUG\BLACKBAGS.PDB
C:\USERS\JUNGGANG\DOCUMENTS\BBPROJECT\BB_PROJECT\TRUNK\BLACKBAGS\BLACKBAGS\DEBUG\BLACKBAGS.RES
C:\Users\JungGang\Documents\BBProject\BB_PROJECT\trunk\BlackBags\BlackBags\Debug\BandiVideoLibrary.obj
C:\Users\JungGang\Documents\BBProject\BB_PROJECT\trunk\BlackBags\BlackBags\Debug\BandiVideoTexture_DX9.obj
C:\Users\JungGang\Documents\BBProject\BB_PROJECT\trunk\BlackBags\BlackBags\Debug\BlackBags.obj
C:\Users\JungGang\Documents\BBProject\BB_PROJECT\trunk\BlackBags\BlackBags\Debug\CreditScene.obj
C:\Users\JungGang\Documents\BBProject\BB_PROJECT\trunk\BlackBags\BlackBags\Debug\FPS.obj
C:\Users\JungGang\Documents\BBProject\BB_PROJECT\trunk\BlackBags\BlackBags\Debug\GameData.obj
C:\Users\JungGang\Documents\BBProject\BB_PROJECT\trunk\BlackBags\BlackBags\Debug\GameMap.obj
C:\Users\JungGang\Documents\BBProject\BB_PROJECT\trunk\BlackBags\BlackBags\Debug\GameResult.obj
C:\Users\JungGang\Documents\BBProject\BB_PROJECT\trunk\BlackBags\BlackBags\Debug\GameTimer.obj
C:\Users\JungGang\Documents\BBProject\BB_PROJECT\trunk\BlackBags\BlackBags\Debug\MainMenu.obj
C:\Users\JungGang\Documents\BBProject\BB_PROJECT\trunk\BlackBags\BlackBags\Debug\MainScene.obj
C:\Users\JungGang\Documents\BBProject\BB_PROJECT\trunk\BlackBags\BlackBags\Debug\OpeningScene.obj
C:\Users\JungGang\Documents\BBProject\BB_PROJECT\trunk\BlackBags\BlackBags\Debug\Player.obj
C:\Users\JungGang\Documents\BBProject\BB_PROJECT\trunk\BlackBags\BlackBags\Debug\PlayScene.obj
C:\Users\JungGang\Documents\BBProject\BB_PROJECT\trunk\BlackBags\BlackBags\Debug\Renderer.obj
C:\Users\JungGang\Documents\BBProject\BB_PROJECT\trunk\BlackBags\BlackBags\Debug\ResultScene.obj
C:\Users\JungGang\Documents\BBProject\BB_PROJECT\trunk\BlackBags\BlackBags\Debug\Scene.obj
C:\Users\JungGang\Documents\BBProject\BB_PROJECT\trunk\BlackBags\BlackBags\Debug\SceneManager.obj
C:\Users\JungGang\Documents\BBProject\BB_PROJECT\trunk\BlackBags\BlackBags\Debug\SceneObject.obj
C:\Users\JungGang\Documents\BBProject\BB_PROJECT\trunk\BlackBags\BlackBags\Debug\SettingMenu.obj
C:\Users\JungGang\Documents\BBProject\BB_PROJECT\trunk\BlackBags\BlackBags\Debug\SettingScene.obj
C:\Users\JungGang\Documents\BBProject\BB_PROJECT\trunk\BlackBags\BlackBags\Debug\SoundRenderer.obj
C:\Users\JungGang\Documents\BBProject\BB_PROJECT\trunk\BlackBags\BlackBags\Debug\stdafx.obj
C:\Users\JungGang\Documents\BBProject\BB_PROJECT\trunk\BlackBags\BlackBags\Debug\VideoRender.obj
C:\Users\JungGang\Documents\BBProject\BB_PROJECT\trunk\BlackBags\BlackBags\Debug\cl.command.1.tlog
C:\Users\JungGang\Documents\BBProject\BB_PROJECT\trunk\BlackBags\BlackBags\Debug\CL.read.1.tlog
C:\Users\JungGang\Documents\BBProject\BB_PROJECT\trunk\BlackBags\BlackBags\Debug\CL.write.1.tlog
C:\Users\JungGang\Documents\BBProject\BB_PROJECT\trunk\BlackBags\BlackBags\Debug\link-cvtres.read.1.tlog
C:\Users\JungGang\Documents\BBProject\BB_PROJECT\trunk\BlackBags\BlackBags\Debug\link-cvtres.write.1.tlog
C:\Users\JungGang\Documents\BBProject\BB_PROJECT\trunk\BlackBags\BlackBags\Debug\link-rc.read.1.tlog
C:\Users\JungGang\Documents\BBProject\BB_PROJECT\trunk\BlackBags\BlackBags\Debug\link-rc.write.1.tlog
C:\Users\JungGang\Documents\BBProject\BB_PROJECT\trunk\BlackBags\BlackBags\Debug\link.11632-cvtres.read.1.tlog
C:\Users\JungGang\Documents\BBProject\BB_PROJECT\trunk\BlackBags\BlackBags\Debug\link.11632-cvtres.write.1.tlog
C:\Users\JungGang\Documents\BBProject\BB_PROJECT\trunk\BlackBags\BlackBags\Debug\link.11632-rc.read.1.tlog
C:\Users\JungGang\Documents\BBProject\BB_PROJECT\trunk\BlackBags\BlackBags\Debug\link.11632-rc.write.1.tlog
C:\Users\JungGang\Documents\BBProject\BB_PROJECT\trunk\BlackBags\BlackBags\Debug\link.11632.read.1.tlog
C:\Users\JungGang\Documents\BBProject\BB_PROJECT\trunk\BlackBags\BlackBags\Debug\link.11632.write.1.tlog
C:\Users\JungGang\Documents\BBProject\BB_PROJECT\trunk\BlackBags\BlackBags\Debug\link.1936-cvtres.read.1.tlog
C:\Users\JungGang\Documents\BBProject\BB_PROJECT\trunk\BlackBags\BlackBags\Debug\link.1936-cvtres.write.1.tlog
C:\Users\JungGang\Documents\BBProject\BB_PROJECT\trunk\BlackBags\BlackBags\Debug\link.1936-rc.read.1.tlog
C:\Users\JungGang\Documents\BBProject\BB_PROJECT\trunk\BlackBags\BlackBags\Debug\link.1936-rc.write.1.tlog
C:\Users\JungGang\Documents\BBProject\BB_PROJECT\trunk\BlackBags\BlackBags\Debug\link.1936.read.1.tlog
C:\Users\JungGang\Documents\BBProject\BB_PROJECT\trunk\BlackBags\BlackBags\Debug\link.1936.write.1.tlog
C:\Users\JungGang\Documents\BBProject\BB_PROJECT\trunk\BlackBags\BlackBags\Debug\link.3516-cvtres.read.1.tlog
C:\Users\JungGang\Documents\BBProject\BB_PROJECT\trunk\BlackBags\BlackBags\Debug\link.3516-cvtres.write.1.tlog
C:\Users\JungGang\Documents\BBProject\BB_PROJECT\trunk\BlackBags\BlackBags\Debug\link.3516-rc.read.1.tlog
C:\Users\JungGang\Documents\BBProject\BB_PROJECT\trunk\BlackBags\BlackBags\Debug\link.3516-rc.write.1.tlog
C:\Users\JungGang\Documents\BBProject\BB_PROJECT\trunk\BlackBags\BlackBags\Debug\link.3516.read.1.tlog
C:\Users\JungGang\Documents\BBProject\BB_PROJECT\trunk\BlackBags\BlackBags\Debug\link.3516.write.1.tlog
C:\Users\JungGang\Documents\BBProject\BB_PROJECT\trunk\BlackBags\BlackBags\Debug\link.5188-cvtres.read.1.tlog
C:\Users\JungGang\Documents\BBProject\BB_PROJECT\trunk\BlackBags\BlackBags\Debug\link.5188-cvtres.write.1.tlog
C:\Users\JungGang\Documents\BBProject\BB_PROJECT\trunk\BlackBags\BlackBags\Debug\link.5188-rc.read.1.tlog
C:\Users\JungGang\Documents\BBProject\BB_PROJECT\trunk\BlackBags\BlackBags\Debug\link.5188-rc.write.1.tlog
C:\Users\JungGang\Documents\BBProject\BB_PROJECT\trunk\BlackBags\BlackBags\Debug\link.5188.read.1.tlog
C:\Users\JungGang\Documents\BBProject\BB_PROJECT\trunk\BlackBags\BlackBags\Debug\link.5188.write.1.tlog
C:\Users\JungGang\Documents\BBProject\BB_PROJECT\trunk\BlackBags\BlackBags\Debug\link.528-cvtres.read.1.tlog
C:\Users\JungGang\Documents\BBProject\BB_PROJECT\trunk\BlackBags\BlackBags\Debug\link.528-cvtres.write.1.tlog
C:\Users\JungGang\Documents\BBProject\BB_PROJECT\trunk\BlackBags\BlackBags\Debug\link.528-rc.read.1.tlog
C:\Users\JungGang\Documents\BBProject\BB_PROJECT\trunk\BlackBags\BlackBags\Debug\link.528-rc.write.1.tlog
C:\Users\JungGang\Documents\BBProject\BB_PROJECT\trunk\BlackBags\BlackBags\Debug\link.528.read.1.tlog
C:\Users\JungGang\Documents\BBProject\BB_PROJECT\trunk\BlackBags\BlackBags\Debug\link.528.write.1.tlog
C:\Users\JungGang\Documents\BBProject\BB_PROJECT\trunk\BlackBags\BlackBags\Debug\link.5448-cvtres.read.1.tlog
C:\Users\JungGang\Documents\BBProject\BB_PROJECT\trunk\BlackBags\BlackBags\Debug\link.5448-cvtres.write.1.tlog
C:\Users\JungGang\Documents\BBProject\BB_PROJECT\trunk\BlackBags\BlackBags\Debug\link.5448-rc.read.1.tlog
C:\Users\JungGang\Documents\BBProject\BB_PROJECT\trunk\BlackBags\BlackBags\Debug\link.5448-rc.write.1.tlog
C:\Users\JungGang\Documents\BBProject\BB_PROJECT\trunk\BlackBags\BlackBags\Debug\link.5448.read.1.tlog
C:\Users\JungGang\Documents\BBProject\BB_PROJECT\trunk\BlackBags\BlackBags\Debug\link.5448.write.1.tlog
C:\Users\JungGang\Documents\BBProject\BB_PROJECT\trunk\BlackBags\BlackBags\Debug\link.6020-cvtres.read.1.tlog
C:\Users\JungGang\Documents\BBProject\BB_PROJECT\trunk\BlackBags\BlackBags\Debug\link.6020-cvtres.write.1.tlog
C:\Users\JungGang\Documents\BBProject\BB_PROJECT\trunk\BlackBags\BlackBags\Debug\link.6020-rc.read.1.tlog
C:\Users\JungGang\Documents\BBProject\BB_PROJECT\trunk\BlackBags\BlackBags\Debug\link.6020-rc.write.1.tlog
C:\Users\JungGang\Documents\BBProject\BB_PROJECT\trunk\BlackBags\BlackBags\Debug\link.6020.read.1.tlog
C:\Users\JungGang\Documents\BBProject\BB_PROJECT\trunk\BlackBags\BlackBags\Debug\link.6020.write.1.tlog
C:\Users\JungGang\Documents\BBProject\BB_PROJECT\trunk\BlackBags\BlackBags\Debug\link.6284-cvtres.read.1.tlog
C:\Users\JungGang\Documents\BBProject\BB_PROJECT\trunk\BlackBags\BlackBags\Debug\link.6284-cvtres.write.1.tlog
C:\Users\JungGang\Documents\BBProject\BB_PROJECT\trunk\BlackBags\BlackBags\Debug\link.6284-rc.read.1.tlog
C:\Users\JungGang\Documents\BBProject\BB_PROJECT\trunk\BlackBags\BlackBags\Debug\link.6284-rc.write.1.tlog
C:\Users\JungGang\Documents\BBProject\BB_PROJECT\trunk\BlackBags\BlackBags\Debug\link.6284.read.1.tlog
C:\Users\JungGang\Documents\BBProject\BB_PROJECT\trunk\BlackBags\BlackBags\Debug\link.6284.write.1.tlog
C:\Users\JungGang\Documents\BBProject\BB_PROJECT\trunk\BlackBags\BlackBags\Debug\link.7052-cvtres.read.1.tlog
C:\Users\JungGang\Documents\BBProject\BB_PROJECT\trunk\BlackBags\BlackBags\Debug\link.7052-cvtres.write.1.tlog
C:\Users\JungGang\Documents\BBProject\BB_PROJECT\trunk\BlackBags\BlackBags\Debug\link.7052-rc.read.1.tlog
C:\Users\JungGang\Documents\BBProject\BB_PROJECT\trunk\BlackBags\BlackBags\Debug\link.7052-rc.write.1.tlog
C:\Users\JungGang\Documents\BBProject\BB_PROJECT\trunk\BlackBags\BlackBags\Debug\link.7052.read.1.tlog
C:\Users\JungGang\Documents\BBProject\BB_PROJECT\trunk\BlackBags\BlackBags\Debug\link.7052.write.1.tlog
C:\Users\JungGang\Documents\BBProject\BB_PROJECT\trunk\BlackBags\BlackBags\Debug\link.7276-cvtres.read.1.tlog
C:\Users\JungGang\Documents\BBProject\BB_PROJECT\trunk\BlackBags\BlackBags\Debug\link.7276-cvtres.write.1.tlog
C:\Users\JungGang\Documents\BBProject\BB_PROJECT\trunk\BlackBags\BlackBags\Debug\link.7276-rc.read.1.tlog
C:\Users\JungGang\Documents\BBProject\BB_PROJECT\trunk\BlackBags\BlackBags\Debug\link.7276-rc.write.1.tlog
C:\Users\JungGang\Documents\BBProject\BB_PROJECT\trunk\BlackBags\BlackBags\Debug\link.7276.read.1.tlog
C:\Users\JungGang\Documents\BBProject\BB_PROJECT\trunk\BlackBags\BlackBags\Debug\link.7276.write.1.tlog
C:\Users\JungGang\Documents\BBProject\BB_PROJECT\trunk\BlackBags\BlackBags\Debug\link.7288-cvtres.read.1.tlog
C:\Users\JungGang\Documents\BBProject\BB_PROJECT\trunk\BlackBags\BlackBags\Debug\link.7288-cvtres.write.1.tlog
C:\Users\JungGang\Documents\BBProject\BB_PROJECT\trunk\BlackBags\BlackBags\Debug\link.7288-rc.read.1.tlog
C:\Users\JungGang\Documents\BBProject\BB_PROJECT\trunk\BlackBags\BlackBags\Debug\link.7288-rc.write.1.tlog
C:\Users\JungGang\Documents\BBProject\BB_PROJECT\trunk\BlackBags\BlackBags\Debug\link.7288.read.1.tlog
C:\Users\JungGang\Documents\BBProject\BB_PROJECT\trunk\BlackBags\BlackBags\Debug\link.7288.write.1.tlog
C:\Users\JungGang\Documents\BBProject\BB_PROJECT\trunk\BlackBags\BlackBags\Debug\link.7332-cvtres.read.1.tlog
C:\Users\JungGang\Documents\BBProject\BB_PROJECT\trunk\BlackBags\BlackBags\Debug\link.7332-cvtres.write.1.tlog
C:\Users\JungGang\Documents\BBProject\BB_PROJECT\trunk\BlackBags\BlackBags\Debug\link.7332-rc.read.1.tlog
C:\Users\JungGang\Documents\BBProject\BB_PROJECT\trunk\BlackBags\BlackBags\Debug\link.7332-rc.write.1.tlog
C:\Users\JungGang\Documents\BBProject\BB_PROJECT\trunk\BlackBags\BlackBags\Debug\link.7332.read.1.tlog
C:\Users\JungGang\Documents\BBProject\BB_PROJECT\trunk\BlackBags\BlackBags\Debug\link.7332.write.1.tlog
C:\Users\JungGang\Documents\BBProject\BB_PROJECT\trunk\BlackBags\BlackBags\Debug\link.7584-cvtres.read.1.tlog
C:\Users\JungGang\Documents\BBProject\BB_PROJECT\trunk\BlackBags\BlackBags\Debug\link.7584-cvtres.write.1.tlog
C:\Users\JungGang\Documents\BBProject\BB_PROJECT\trunk\BlackBags\BlackBags\Debug\link.7584-rc.read.1.tlog
C:\Users\JungGang\Documents\BBProject\BB_PROJECT\trunk\BlackBags\BlackBags\Debug\link.7584-rc.write.1.tlog
C:\Users\JungGang\Documents\BBProject\BB_PROJECT\trunk\BlackBags\BlackBags\Debug\link.7584.read.1.tlog
C:\Users\JungGang\Documents\BBProject\BB_PROJECT\trunk\BlackBags\BlackBags\Debug\link.7584.write.1.tlog
C:\Users\JungGang\Documents\BBProject\BB_PROJECT\trunk\BlackBags\BlackBags\Debug\link.command.1.tlog
C:\Users\JungGang\Documents\BBProject\BB_PROJECT\trunk\BlackBags\BlackBags\Debug\link.read.1.tlog
C:\Users\JungGang\Documents\BBProject\BB_PROJECT\trunk\BlackBags\BlackBags\Debug\link.write.1.tlog
C:\Users\JungGang\Documents\BBProject\BB_PROJECT\trunk\BlackBags\BlackBags\Debug\rc.command.1.tlog
C:\Users\JungGang\Documents\BBProject\BB_PROJECT\trunk\BlackBags\BlackBags\Debug\rc.read.1.tlog
C:\Users\JungGang\Documents\BBProject\BB_PROJECT\trunk\BlackBags\BlackBags\Debug\rc.write.1.tlog
C:\Users\JungGang\Documents\BBProject\BB_PROJECT\trunk\BlackBags\BlackBags\Debug\BlackBags.res
C:\Users\JungGang\Documents\BBProject\BB_PROJECT\trunk\BlackBags\BlackBags\Debug\BlackBags.pch
C:\Users\JungGang\Documents\BBProject\BB_PROJECT\trunk\BlackBags\BlackBags\Debug\vc110.idb
C:\Users\JungGang\Documents\BBProject\BB_PROJECT\trunk\BlackBags\BlackBags\Debug\vc110.pdb
C:\Users\JungGang\Documents\BBProject\BB_PROJECT\trunk\BlackBags\Debug\BlackBags.pdb
C:\Users\JungGang\Documents\BBProject\BB_PROJECT\trunk\BlackBags\Debug\BlackBags.exe
C:\Users\JungGang\Documents\BBProject\BB_PROJECT\trunk\BlackBags\Debug\BlackBags.ilk
